<?xml version="1.0" encoding="UTF-8"?>
<coverage generated="1751883977611" clover="3.2.0">
  <project timestamp="1751883977611" name="All files">
    <metrics statements="96" coveredstatements="91" conditionals="44" coveredconditionals="37" methods="41" coveredmethods="35" elements="181" coveredelements="163" complexity="0" loc="96" ncloc="96" packages="1" files="6" classes="6"/>
    <file name="ClockService.ts" path="C:\Users\theof\OneDrive\Bureau\dossier dev\ynov_notification_manager\src\ClockService.ts">
      <metrics statements="26" coveredstatements="25" conditionals="9" coveredconditionals="9" methods="11" coveredmethods="11"/>
      <line num="1" count="1" type="stmt"/>
      <line num="3" count="13" type="stmt"/>
      <line num="4" count="13" type="stmt"/>
      <line num="7" count="286" type="cond" truecount="3" falsecount="0"/>
      <line num="13" count="69" type="stmt"/>
      <line num="14" count="69" type="stmt"/>
      <line num="15" count="69" type="stmt"/>
      <line num="16" count="69" type="stmt"/>
      <line num="18" count="69" type="stmt"/>
      <line num="22" count="277" type="stmt"/>
      <line num="23" count="277" type="cond" truecount="2" falsecount="0"/>
      <line num="24" count="16" type="stmt"/>
      <line num="25" count="16" type="stmt"/>
      <line num="27" count="0" type="stmt"/>
      <line num="34" count="4" type="cond" truecount="2" falsecount="0"/>
      <line num="35" count="2" type="stmt"/>
      <line num="36" count="8" type="stmt"/>
      <line num="37" count="8" type="stmt"/>
      <line num="39" count="215" type="stmt"/>
      <line num="40" count="215" type="stmt"/>
      <line num="43" count="4" type="cond" truecount="2" falsecount="0"/>
      <line num="44" count="2" type="stmt"/>
      <line num="45" count="8" type="stmt"/>
      <line num="46" count="8" type="stmt"/>
      <line num="48" count="62" type="stmt"/>
      <line num="49" count="62" type="stmt"/>
    </file>
    <file name="EmailService.ts" path="C:\Users\theof\OneDrive\Bureau\dossier dev\ynov_notification_manager\src\EmailService.ts">
      <metrics statements="9" coveredstatements="8" conditionals="2" coveredconditionals="1" methods="4" coveredmethods="4"/>
      <line num="3" count="2" type="stmt"/>
      <line num="5" count="9" type="stmt"/>
      <line num="8" count="1" type="stmt"/>
      <line num="9" count="1" type="stmt"/>
      <line num="10" count="1" type="stmt"/>
      <line num="11" count="1" type="cond" truecount="1" falsecount="1"/>
      <line num="12" count="1" type="stmt"/>
      <line num="13" count="1" type="stmt"/>
      <line num="15" count="0" type="stmt"/>
    </file>
    <file name="NotificationManager.ts" path="C:\Users\theof\OneDrive\Bureau\dossier dev\ynov_notification_manager\src\NotificationManager.ts">
      <metrics statements="29" coveredstatements="26" conditionals="15" coveredconditionals="11" methods="13" coveredmethods="7"/>
      <line num="7" count="1" type="stmt"/>
      <line num="8" count="8" type="stmt"/>
      <line num="9" count="8" type="stmt"/>
      <line num="10" count="8" type="stmt"/>
      <line num="11" count="8" type="stmt"/>
      <line num="12" count="8" type="stmt"/>
      <line num="13" count="8" type="stmt"/>
      <line num="15" count="8" type="stmt"/>
      <line num="16" count="1" type="stmt"/>
      <line num="18" count="8" type="stmt"/>
      <line num="19" count="1" type="stmt"/>
      <line num="23" count="8" type="stmt"/>
      <line num="27" count="1" type="stmt"/>
      <line num="36" count="5" type="stmt"/>
      <line num="37" count="5" type="cond" truecount="2" falsecount="0"/>
      <line num="38" count="4" type="cond" truecount="2" falsecount="1"/>
      <line num="40" count="0" type="stmt"/>
      <line num="41" count="0" type="stmt"/>
      <line num="43" count="2" type="cond" truecount="2" falsecount="0"/>
      <line num="44" count="1" type="stmt"/>
      <line num="46" count="1" type="stmt"/>
      <line num="48" count="2" type="stmt"/>
      <line num="50" count="2" type="cond" truecount="2" falsecount="0"/>
      <line num="51" count="1" type="stmt"/>
      <line num="53" count="1" type="stmt"/>
      <line num="55" count="2" type="stmt"/>
      <line num="61" count="2" type="stmt"/>
      <line num="62" count="2" type="cond" truecount="1" falsecount="1"/>
      <line num="63" count="0" type="stmt"/>
    </file>
    <file name="Scheduler.ts" path="C:\Users\theof\OneDrive\Bureau\dossier dev\ynov_notification_manager\src\Scheduler.ts">
      <metrics statements="8" coveredstatements="8" conditionals="2" coveredconditionals="1" methods="3" coveredmethods="3"/>
      <line num="1" count="1" type="stmt"/>
      <line num="2" count="5" type="stmt"/>
      <line num="5" count="9" type="stmt"/>
      <line num="6" count="9" type="stmt"/>
      <line num="10" count="5" type="stmt"/>
      <line num="11" count="8" type="stmt"/>
      <line num="12" count="8" type="cond" truecount="1" falsecount="1"/>
      <line num="13" count="8" type="stmt"/>
    </file>
    <file name="SmsService.ts" path="C:\Users\theof\OneDrive\Bureau\dossier dev\ynov_notification_manager\src\SmsService.ts">
      <metrics statements="9" coveredstatements="9" conditionals="2" coveredconditionals="2" methods="4" coveredmethods="4"/>
      <line num="3" count="2" type="stmt"/>
      <line num="4" count="11" type="stmt"/>
      <line num="7" count="3" type="stmt"/>
      <line num="8" count="3" type="stmt"/>
      <line num="9" count="3" type="stmt"/>
      <line num="10" count="3" type="cond" truecount="2" falsecount="0"/>
      <line num="11" count="1" type="stmt"/>
      <line num="12" count="1" type="stmt"/>
      <line num="14" count="2" type="stmt"/>
    </file>
    <file name="UserService.ts" path="C:\Users\theof\OneDrive\Bureau\dossier dev\ynov_notification_manager\src\UserService.ts">
      <metrics statements="15" coveredstatements="15" conditionals="14" coveredconditionals="13" methods="6" coveredmethods="6"/>
      <line num="17" count="3" type="stmt"/>
      <line num="18" count="20" type="stmt"/>
      <line num="21" count="16" type="stmt"/>
      <line num="25" count="5" type="stmt"/>
      <line num="26" count="5" type="cond" truecount="2" falsecount="0"/>
      <line num="27" count="4" type="cond" truecount="2" falsecount="0"/>
      <line num="31" count="2" type="stmt"/>
      <line num="32" count="2" type="cond" truecount="1" falsecount="1"/>
      <line num="33" count="2" type="cond" truecount="2" falsecount="0"/>
      <line num="37" count="8" type="stmt"/>
      <line num="38" count="8" type="cond" truecount="2" falsecount="0"/>
      <line num="39" count="7" type="cond" truecount="2" falsecount="0"/>
      <line num="48" count="2" type="stmt"/>
      <line num="49" count="2" type="cond" truecount="2" falsecount="0"/>
      <line num="50" count="1" type="stmt"/>
    </file>
  </project>
</coverage>
