<?xml version="1.0" encoding="UTF-8"?>
<coverage generated="1751875803810" clover="3.2.0">
  <project timestamp="1751875803810" name="All files">
    <metrics statements="96" coveredstatements="33" conditionals="44" coveredconditionals="10" methods="41" coveredmethods="14" elements="181" coveredelements="57" complexity="0" loc="96" ncloc="96" packages="1" files="6" classes="6"/>
    <file name="ClockService.ts" path="C:\Users\theof\OneDrive\Bureau\dossier dev\ynov_notification_manager\src\ClockService.ts">
      <metrics statements="26" coveredstatements="25" conditionals="9" coveredconditionals="9" methods="11" coveredmethods="11"/>
      <line num="1" count="1" type="stmt"/>
      <line num="3" count="13" type="stmt"/>
      <line num="4" count="13" type="stmt"/>
      <line num="7" count="286" type="cond" truecount="3" falsecount="0"/>
      <line num="13" count="69" type="stmt"/>
      <line num="14" count="69" type="stmt"/>
      <line num="15" count="69" type="stmt"/>
      <line num="16" count="69" type="stmt"/>
      <line num="18" count="69" type="stmt"/>
      <line num="22" count="277" type="stmt"/>
      <line num="23" count="277" type="cond" truecount="2" falsecount="0"/>
      <line num="24" count="16" type="stmt"/>
      <line num="25" count="16" type="stmt"/>
      <line num="27" count="0" type="stmt"/>
      <line num="34" count="4" type="cond" truecount="2" falsecount="0"/>
      <line num="35" count="2" type="stmt"/>
      <line num="36" count="8" type="stmt"/>
      <line num="37" count="8" type="stmt"/>
      <line num="39" count="215" type="stmt"/>
      <line num="40" count="215" type="stmt"/>
      <line num="43" count="4" type="cond" truecount="2" falsecount="0"/>
      <line num="44" count="2" type="stmt"/>
      <line num="45" count="8" type="stmt"/>
      <line num="46" count="8" type="stmt"/>
      <line num="48" count="62" type="stmt"/>
      <line num="49" count="62" type="stmt"/>
    </file>
    <file name="EmailService.ts" path="C:\Users\theof\OneDrive\Bureau\dossier dev\ynov_notification_manager\src\EmailService.ts">
      <metrics statements="9" coveredstatements="0" conditionals="2" coveredconditionals="0" methods="4" coveredmethods="0"/>
      <line num="3" count="0" type="stmt"/>
      <line num="5" count="0" type="stmt"/>
      <line num="8" count="0" type="stmt"/>
      <line num="9" count="0" type="stmt"/>
      <line num="10" count="0" type="stmt"/>
      <line num="11" count="0" type="cond" truecount="0" falsecount="2"/>
      <line num="12" count="0" type="stmt"/>
      <line num="13" count="0" type="stmt"/>
      <line num="15" count="0" type="stmt"/>
    </file>
    <file name="NotificationManager.ts" path="C:\Users\theof\OneDrive\Bureau\dossier dev\ynov_notification_manager\src\NotificationManager.ts">
      <metrics statements="29" coveredstatements="0" conditionals="15" coveredconditionals="0" methods="13" coveredmethods="0"/>
      <line num="7" count="0" type="stmt"/>
      <line num="8" count="0" type="stmt"/>
      <line num="9" count="0" type="stmt"/>
      <line num="10" count="0" type="stmt"/>
      <line num="11" count="0" type="stmt"/>
      <line num="12" count="0" type="stmt"/>
      <line num="13" count="0" type="stmt"/>
      <line num="15" count="0" type="stmt"/>
      <line num="16" count="0" type="stmt"/>
      <line num="18" count="0" type="stmt"/>
      <line num="19" count="0" type="stmt"/>
      <line num="23" count="0" type="stmt"/>
      <line num="27" count="0" type="stmt"/>
      <line num="36" count="0" type="stmt"/>
      <line num="37" count="0" type="cond" truecount="0" falsecount="2"/>
      <line num="38" count="0" type="cond" truecount="0" falsecount="3"/>
      <line num="40" count="0" type="stmt"/>
      <line num="41" count="0" type="stmt"/>
      <line num="43" count="0" type="cond" truecount="0" falsecount="2"/>
      <line num="44" count="0" type="stmt"/>
      <line num="46" count="0" type="stmt"/>
      <line num="48" count="0" type="stmt"/>
      <line num="50" count="0" type="cond" truecount="0" falsecount="2"/>
      <line num="51" count="0" type="stmt"/>
      <line num="53" count="0" type="stmt"/>
      <line num="55" count="0" type="stmt"/>
      <line num="61" count="0" type="stmt"/>
      <line num="62" count="0" type="cond" truecount="0" falsecount="2"/>
      <line num="63" count="0" type="stmt"/>
    </file>
    <file name="Scheduler.ts" path="C:\Users\theof\OneDrive\Bureau\dossier dev\ynov_notification_manager\src\Scheduler.ts">
      <metrics statements="8" coveredstatements="8" conditionals="2" coveredconditionals="1" methods="3" coveredmethods="3"/>
      <line num="1" count="1" type="stmt"/>
      <line num="2" count="5" type="stmt"/>
      <line num="5" count="9" type="stmt"/>
      <line num="6" count="9" type="stmt"/>
      <line num="10" count="5" type="stmt"/>
      <line num="11" count="8" type="stmt"/>
      <line num="12" count="8" type="cond" truecount="1" falsecount="1"/>
      <line num="13" count="8" type="stmt"/>
    </file>
    <file name="SmsService.ts" path="C:\Users\theof\OneDrive\Bureau\dossier dev\ynov_notification_manager\src\SmsService.ts">
      <metrics statements="9" coveredstatements="0" conditionals="2" coveredconditionals="0" methods="4" coveredmethods="0"/>
      <line num="3" count="0" type="stmt"/>
      <line num="4" count="0" type="stmt"/>
      <line num="7" count="0" type="stmt"/>
      <line num="8" count="0" type="stmt"/>
      <line num="9" count="0" type="stmt"/>
      <line num="10" count="0" type="cond" truecount="0" falsecount="2"/>
      <line num="11" count="0" type="stmt"/>
      <line num="12" count="0" type="stmt"/>
      <line num="14" count="0" type="stmt"/>
    </file>
    <file name="UserService.ts" path="C:\Users\theof\OneDrive\Bureau\dossier dev\ynov_notification_manager\src\UserService.ts">
      <metrics statements="15" coveredstatements="0" conditionals="14" coveredconditionals="0" methods="6" coveredmethods="0"/>
      <line num="17" count="0" type="stmt"/>
      <line num="18" count="0" type="stmt"/>
      <line num="21" count="0" type="stmt"/>
      <line num="25" count="0" type="stmt"/>
      <line num="26" count="0" type="cond" truecount="0" falsecount="2"/>
      <line num="27" count="0" type="cond" truecount="0" falsecount="2"/>
      <line num="31" count="0" type="stmt"/>
      <line num="32" count="0" type="cond" truecount="0" falsecount="2"/>
      <line num="33" count="0" type="cond" truecount="0" falsecount="2"/>
      <line num="37" count="0" type="stmt"/>
      <line num="38" count="0" type="cond" truecount="0" falsecount="2"/>
      <line num="39" count="0" type="cond" truecount="0" falsecount="2"/>
      <line num="48" count="0" type="stmt"/>
      <line num="49" count="0" type="cond" truecount="0" falsecount="2"/>
      <line num="50" count="0" type="stmt"/>
    </file>
  </project>
</coverage>
