{"C:\\Users\\theof\\OneDrive\\Bureau\\dossier dev\\ynov_notification_manager\\src\\ClockService.ts": {"path":"C:\\Users\\theof\\OneDrive\\Bureau\\dossier dev\\ynov_notification_manager\\src\\ClockService.ts","statementMap":{"0":{"start":{"line":3,"column":10},"end":{"line":3,"column":42}},"1":{"start":{"line":4,"column":10},"end":{"line":4,"column":43}},"2":{"start":{"line":7,"column":4},"end":{"line":9,"column":55}},"3":{"start":{"line":13,"column":25},"end":{"line":13,"column":40}},"4":{"start":{"line":14,"column":4},"end":{"line":14,"column":65}},"5":{"start":{"line":15,"column":25},"end":{"line":15,"column":40}},"6":{"start":{"line":16,"column":4},"end":{"line":16,"column":65}},"7":{"start":{"line":18,"column":4},"end":{"line":18,"column":52}},"8":{"start":{"line":22,"column":4},"end":{"line":30,"column":null}},"9":{"start":{"line":22,"column":27},"end":{"line":30,"column":7}},"10":{"start":{"line":23,"column":6},"end":{"line":29,"column":7}},"11":{"start":{"line":24,"column":8},"end":{"line":28,"column":9}},"12":{"start":{"line":25,"column":10},"end":{"line":25,"column":23}},"13":{"start":{"line":27,"column":10},"end":{"line":27,"column":31}},"14":{"start":{"line":34,"column":4},"end":{"line":42,"column":5}},"15":{"start":{"line":35,"column":6},"end":{"line":41,"column":null}},"16":{"start":{"line":36,"column":8},"end":{"line":36,"column":39}},"17":{"start":{"line":37,"column":8},"end":{"line":37,"column":22}},"18":{"start":{"line":39,"column":20},"end":{"line":39,"column":30}},"19":{"start":{"line":40,"column":8},"end":{"line":40,"column":null}},"20":{"start":{"line":43,"column":4},"end":{"line":51,"column":5}},"21":{"start":{"line":44,"column":6},"end":{"line":50,"column":null}},"22":{"start":{"line":45,"column":8},"end":{"line":45,"column":40}},"23":{"start":{"line":46,"column":8},"end":{"line":46,"column":22}},"24":{"start":{"line":48,"column":20},"end":{"line":48,"column":30}},"25":{"start":{"line":49,"column":8},"end":{"line":49,"column":null}},"26":{"start":{"line":1,"column":0},"end":{"line":1,"column":21}}},"fnMap":{"0":{"name":"(anonymous_7)","decl":{"start":{"line":1,"column":0},"end":{"line":1,"column":21}},"loc":{"start":{"line":1,"column":0},"end":{"line":53,"column":1}}},"1":{"name":"(anonymous_8)","decl":{"start":{"line":6,"column":2},"end":{"line":6,"column":9}},"loc":{"start":{"line":6,"column":34},"end":{"line":10,"column":3}}},"2":{"name":"(anonymous_9)","decl":{"start":{"line":12,"column":2},"end":{"line":12,"column":10}},"loc":{"start":{"line":12,"column":35},"end":{"line":19,"column":3}}},"3":{"name":"(anonymous_10)","decl":{"start":{"line":21,"column":2},"end":{"line":21,"column":16}},"loc":{"start":{"line":21,"column":127},"end":{"line":31,"column":3}}},"4":{"name":"(anonymous_11)","decl":{"start":{"line":22,"column":16},"end":{"line":22,"column":25}},"loc":{"start":{"line":22,"column":27},"end":{"line":30,"column":7}}},"5":{"name":"(anonymous_12)","decl":{"start":{"line":22,"column":27},"end":{"line":22,"column":null}},"loc":{"start":{"line":22,"column":27},"end":{"line":30,"column":5}}},"6":{"name":"(anonymous_13)","decl":{"start":{"line":33,"column":2},"end":{"line":33,"column":4}},"loc":{"start":{"line":33,"column":98},"end":{"line":52,"column":3}}},"7":{"name":"(anonymous_14)","decl":{"start":{"line":35,"column":26},"end":{"line":35,"column":29}},"loc":{"start":{"line":35,"column":31},"end":{"line":38,"column":7}}},"8":{"name":"(anonymous_15)","decl":{"start":{"line":38,"column":42},"end":{"line":38,"column":45}},"loc":{"start":{"line":38,"column":47},"end":{"line":41,"column":7}}},"9":{"name":"(anonymous_16)","decl":{"start":{"line":44,"column":26},"end":{"line":44,"column":29}},"loc":{"start":{"line":44,"column":31},"end":{"line":47,"column":7}}},"10":{"name":"(anonymous_17)","decl":{"start":{"line":47,"column":42},"end":{"line":47,"column":45}},"loc":{"start":{"line":47,"column":47},"end":{"line":50,"column":7}}}},"branchMap":{"0":{"loc":{"start":{"line":7,"column":11},"end":{"line":9,"column":54}},"type":"binary-expr","locations":[{"start":{"line":7,"column":11},"end":{"line":7,"column":46}},{"start":{"line":8,"column":11},"end":{"line":8,"column":48}},{"start":{"line":9,"column":11},"end":{"line":9,"column":54}}]},"1":{"loc":{"start":{"line":23,"column":6},"end":{"line":29,"column":7}},"type":"if","locations":[{"start":{"line":23,"column":6},"end":{"line":29,"column":7}},{"start":{},"end":{}}]},"2":{"loc":{"start":{"line":34,"column":4},"end":{"line":42,"column":5}},"type":"if","locations":[{"start":{"line":34,"column":4},"end":{"line":42,"column":5}},{"start":{},"end":{}}]},"3":{"loc":{"start":{"line":43,"column":4},"end":{"line":51,"column":5}},"type":"if","locations":[{"start":{"line":43,"column":4},"end":{"line":51,"column":5}},{"start":{},"end":{}}]}},"s":{"0":13,"1":13,"2":286,"3":69,"4":69,"5":69,"6":69,"7":69,"8":4,"9":277,"10":277,"11":16,"12":16,"13":0,"14":4,"15":2,"16":8,"17":8,"18":215,"19":215,"20":4,"21":2,"22":8,"23":8,"24":62,"25":62,"26":1},"f":{"0":13,"1":286,"2":69,"3":4,"4":277,"5":277,"6":4,"7":8,"8":215,"9":8,"10":62},"b":{"0":[286,267,267],"1":[16,261],"2":[2,2],"3":[2,2]}}
,"C:\\Users\\theof\\OneDrive\\Bureau\\dossier dev\\ynov_notification_manager\\src\\EmailService.ts": {"path":"C:\\Users\\theof\\OneDrive\\Bureau\\dossier dev\\ynov_notification_manager\\src\\EmailService.ts","statementMap":{"0":{"start":{"line":5,"column":22},"end":{"line":5,"column":46}},"1":{"start":{"line":8,"column":4},"end":{"line":18,"column":7}},"2":{"start":{"line":9,"column":6},"end":{"line":17,"column":16}},"3":{"start":{"line":10,"column":22},"end":{"line":10,"column":59}},"4":{"start":{"line":11,"column":8},"end":{"line":16,"column":9}},"5":{"start":{"line":12,"column":10},"end":{"line":12,"column":67}},"6":{"start":{"line":13,"column":10},"end":{"line":13,"column":27}},"7":{"start":{"line":15,"column":10},"end":{"line":15,"column":43}},"8":{"start":{"line":3,"column":0},"end":{"line":3,"column":21}}},"fnMap":{"0":{"name":"(anonymous_0)","decl":{"start":{"line":5,"column":2},"end":{"line":5,"column":22}},"loc":{"start":{"line":5,"column":46},"end":{"line":5,"column":50}}},"1":{"name":"(anonymous_1)","decl":{"start":{"line":7,"column":2},"end":{"line":7,"column":6}},"loc":{"start":{"line":7,"column":35},"end":{"line":19,"column":3}}},"2":{"name":"(anonymous_2)","decl":{"start":{"line":8,"column":23},"end":{"line":8,"column":24}},"loc":{"start":{"line":8,"column":42},"end":{"line":18,"column":5}}},"3":{"name":"(anonymous_3)","decl":{"start":{"line":9,"column":17},"end":{"line":9,"column":20}},"loc":{"start":{"line":9,"column":22},"end":{"line":17,"column":7}}}},"branchMap":{"0":{"loc":{"start":{"line":11,"column":8},"end":{"line":16,"column":9}},"type":"if","locations":[{"start":{"line":11,"column":8},"end":{"line":16,"column":9}},{"start":{"line":14,"column":15},"end":{"line":16,"column":9}}]}},"s":{"0":9,"1":1,"2":1,"3":1,"4":1,"5":1,"6":1,"7":0,"8":2},"f":{"0":9,"1":1,"2":1,"3":1},"b":{"0":[1,0]}}
,"C:\\Users\\theof\\OneDrive\\Bureau\\dossier dev\\ynov_notification_manager\\src\\NotificationManager.ts": {"path":"C:\\Users\\theof\\OneDrive\\Bureau\\dossier dev\\ynov_notification_manager\\src\\NotificationManager.ts","statementMap":{"0":{"start":{"line":8,"column":22},"end":{"line":8,"column":41}},"1":{"start":{"line":9,"column":22},"end":{"line":9,"column":37}},"2":{"start":{"line":10,"column":22},"end":{"line":10,"column":46}},"3":{"start":{"line":11,"column":22},"end":{"line":11,"column":48}},"4":{"start":{"line":12,"column":22},"end":{"line":12,"column":48}},"5":{"start":{"line":13,"column":22},"end":{"line":13,"column":47}},"6":{"start":{"line":23,"column":10},"end":{"line":23,"column":76}},"7":{"start":{"line":15,"column":4},"end":{"line":17,"column":7}},"8":{"start":{"line":15,"column":40},"end":{"line":15,"column":69}},"9":{"start":{"line":16,"column":6},"end":{"line":16,"column":53}},"10":{"start":{"line":18,"column":4},"end":{"line":20,"column":7}},"11":{"start":{"line":18,"column":41},"end":{"line":18,"column":71}},"12":{"start":{"line":19,"column":6},"end":{"line":19,"column":53}},"13":{"start":{"line":27,"column":4},"end":{"line":32,"column":null}},"14":{"start":{"line":36,"column":21},"end":{"line":36,"column":61}},"15":{"start":{"line":37,"column":4},"end":{"line":57,"column":5}},"16":{"start":{"line":38,"column":6},"end":{"line":56,"column":7}},"17":{"start":{"line":40,"column":10},"end":{"line":40,"column":65}},"18":{"start":{"line":41,"column":10},"end":{"line":41,"column":16}},"19":{"start":{"line":43,"column":10},"end":{"line":47,"column":11}},"20":{"start":{"line":44,"column":12},"end":{"line":44,"column":113}},"21":{"start":{"line":44,"column":63},"end":{"line":44,"column":111}},"22":{"start":{"line":46,"column":12},"end":{"line":46,"column":null}},"23":{"start":{"line":46,"column":83},"end":{"line":46,"column":131}},"24":{"start":{"line":48,"column":10},"end":{"line":48,"column":16}},"25":{"start":{"line":50,"column":10},"end":{"line":54,"column":11}},"26":{"start":{"line":51,"column":12},"end":{"line":51,"column":114}},"27":{"start":{"line":51,"column":64},"end":{"line":51,"column":112}},"28":{"start":{"line":53,"column":12},"end":{"line":53,"column":null}},"29":{"start":{"line":53,"column":83},"end":{"line":53,"column":131}},"30":{"start":{"line":55,"column":10},"end":{"line":55,"column":16}},"31":{"start":{"line":61,"column":18},"end":{"line":61,"column":55}},"32":{"start":{"line":62,"column":4},"end":{"line":64,"column":5}},"33":{"start":{"line":63,"column":6},"end":{"line":63,"column":24}},"34":{"start":{"line":7,"column":0},"end":{"line":7,"column":21}}},"fnMap":{"0":{"name":"(anonymous_7)","decl":{"start":{"line":8,"column":2},"end":{"line":8,"column":22}},"loc":{"start":{"line":13,"column":47},"end":{"line":21,"column":3}}},"1":{"name":"(anonymous_8)","decl":{"start":{"line":15,"column":34},"end":{"line":15,"column":37}},"loc":{"start":{"line":15,"column":40},"end":{"line":15,"column":69}}},"2":{"name":"(anonymous_9)","decl":{"start":{"line":15,"column":71},"end":{"line":15,"column":72}},"loc":{"start":{"line":15,"column":81},"end":{"line":17,"column":5}}},"3":{"name":"(anonymous_10)","decl":{"start":{"line":18,"column":35},"end":{"line":18,"column":38}},"loc":{"start":{"line":18,"column":41},"end":{"line":18,"column":71}}},"4":{"name":"(anonymous_11)","decl":{"start":{"line":18,"column":73},"end":{"line":18,"column":74}},"loc":{"start":{"line":18,"column":83},"end":{"line":20,"column":5}}},"5":{"name":"(anonymous_12)","decl":{"start":{"line":26,"column":2},"end":{"line":26,"column":18}},"loc":{"start":{"line":26,"column":70},"end":{"line":33,"column":3}}},"6":{"name":"(anonymous_13)","decl":{"start":{"line":32,"column":11},"end":{"line":32,"column":14}},"loc":{"start":{"line":32,"column":16},"end":{"line":32,"column":19}}},"7":{"name":"(anonymous_14)","decl":{"start":{"line":35,"column":8},"end":{"line":35,"column":14}},"loc":{"start":{"line":35,"column":46},"end":{"line":58,"column":null}}},"8":{"name":"(anonymous_16)","decl":{"start":{"line":44,"column":57},"end":{"line":44,"column":60}},"loc":{"start":{"line":44,"column":63},"end":{"line":44,"column":111}}},"9":{"name":"(anonymous_17)","decl":{"start":{"line":46,"column":77},"end":{"line":46,"column":80}},"loc":{"start":{"line":46,"column":83},"end":{"line":46,"column":131}}},"10":{"name":"(anonymous_18)","decl":{"start":{"line":51,"column":58},"end":{"line":51,"column":61}},"loc":{"start":{"line":51,"column":64},"end":{"line":51,"column":112}}},"11":{"name":"(anonymous_19)","decl":{"start":{"line":53,"column":77},"end":{"line":53,"column":80}},"loc":{"start":{"line":53,"column":83},"end":{"line":53,"column":131}}},"12":{"name":"(anonymous_20)","decl":{"start":{"line":60,"column":8},"end":{"line":60,"column":23}},"loc":{"start":{"line":60,"column":53},"end":{"line":65,"column":null}}}},"branchMap":{"0":{"loc":{"start":{"line":29,"column":8},"end":{"line":29,"column":91}},"type":"cond-expr","locations":[{"start":{"line":29,"column":39},"end":{"line":29,"column":71}},{"start":{"line":29,"column":74},"end":{"line":29,"column":91}}]},"1":{"loc":{"start":{"line":30,"column":8},"end":{"line":30,"column":87}},"type":"cond-expr","locations":[{"start":{"line":30,"column":37},"end":{"line":30,"column":67}},{"start":{"line":30,"column":70},"end":{"line":30,"column":87}}]},"2":{"loc":{"start":{"line":37,"column":4},"end":{"line":57,"column":5}},"type":"if","locations":[{"start":{"line":37,"column":4},"end":{"line":57,"column":5}},{"start":{},"end":{}}]},"3":{"loc":{"start":{"line":38,"column":6},"end":{"line":56,"column":7}},"type":"switch","locations":[{"start":{"line":39,"column":8},"end":{"line":41,"column":16}},{"start":{"line":42,"column":8},"end":{"line":48,"column":16}},{"start":{"line":49,"column":8},"end":{"line":55,"column":16}}]},"4":{"loc":{"start":{"line":43,"column":10},"end":{"line":47,"column":11}},"type":"if","locations":[{"start":{"line":43,"column":10},"end":{"line":47,"column":11}},{"start":{"line":45,"column":17},"end":{"line":47,"column":11}}]},"5":{"loc":{"start":{"line":50,"column":10},"end":{"line":54,"column":11}},"type":"if","locations":[{"start":{"line":50,"column":10},"end":{"line":54,"column":11}},{"start":{"line":52,"column":17},"end":{"line":54,"column":11}}]},"6":{"loc":{"start":{"line":62,"column":4},"end":{"line":64,"column":5}},"type":"if","locations":[{"start":{"line":62,"column":4},"end":{"line":64,"column":5}},{"start":{},"end":{}}]}},"s":{"0":8,"1":8,"2":8,"3":8,"4":8,"5":8,"6":8,"7":8,"8":0,"9":1,"10":8,"11":0,"12":1,"13":1,"14":5,"15":5,"16":4,"17":0,"18":0,"19":2,"20":1,"21":0,"22":1,"23":0,"24":2,"25":2,"26":1,"27":0,"28":1,"29":0,"30":2,"31":2,"32":2,"33":0,"34":1},"f":{"0":8,"1":0,"2":1,"3":0,"4":1,"5":1,"6":1,"7":5,"8":0,"9":0,"10":0,"11":0,"12":2},"b":{"0":[1,0],"1":[1,0],"2":[4,1],"3":[0,2,2],"4":[1,1],"5":[1,1],"6":[0,2]}}
,"C:\\Users\\theof\\OneDrive\\Bureau\\dossier dev\\ynov_notification_manager\\src\\Scheduler.ts": {"path":"C:\\Users\\theof\\OneDrive\\Bureau\\dossier dev\\ynov_notification_manager\\src\\Scheduler.ts","statementMap":{"0":{"start":{"line":2,"column":10},"end":{"line":2,"column":46}},"1":{"start":{"line":5,"column":4},"end":{"line":5,"column":26}},"2":{"start":{"line":6,"column":4},"end":{"line":6,"column":16}},"3":{"start":{"line":10,"column":4},"end":{"line":15,"column":5}},"4":{"start":{"line":11,"column":19},"end":{"line":11,"column":37}},"5":{"start":{"line":12,"column":6},"end":{"line":14,"column":7}},"6":{"start":{"line":13,"column":8},"end":{"line":13,"column":21}},"7":{"start":{"line":1,"column":0},"end":{"line":1,"column":21}}},"fnMap":{"0":{"name":"(anonymous_7)","decl":{"start":{"line":1,"column":0},"end":{"line":1,"column":21}},"loc":{"start":{"line":1,"column":0},"end":{"line":17,"column":1}}},"1":{"name":"(anonymous_8)","decl":{"start":{"line":4,"column":2},"end":{"line":4,"column":9}},"loc":{"start":{"line":4,"column":35},"end":{"line":7,"column":3}}},"2":{"name":"(anonymous_9)","decl":{"start":{"line":9,"column":8},"end":{"line":9,"column":11}},"loc":{"start":{"line":9,"column":11},"end":{"line":16,"column":null}}}},"branchMap":{"0":{"loc":{"start":{"line":12,"column":6},"end":{"line":14,"column":7}},"type":"if","locations":[{"start":{"line":12,"column":6},"end":{"line":14,"column":7}},{"start":{},"end":{}}]}},"s":{"0":5,"1":9,"2":9,"3":5,"4":8,"5":8,"6":8,"7":1},"f":{"0":5,"1":9,"2":5},"b":{"0":[8,0]}}
,"C:\\Users\\theof\\OneDrive\\Bureau\\dossier dev\\ynov_notification_manager\\src\\SmsService.ts": {"path":"C:\\Users\\theof\\OneDrive\\Bureau\\dossier dev\\ynov_notification_manager\\src\\SmsService.ts","statementMap":{"0":{"start":{"line":4,"column":22},"end":{"line":4,"column":46}},"1":{"start":{"line":7,"column":4},"end":{"line":17,"column":7}},"2":{"start":{"line":8,"column":6},"end":{"line":16,"column":16}},"3":{"start":{"line":9,"column":28},"end":{"line":9,"column":71}},"4":{"start":{"line":10,"column":8},"end":{"line":15,"column":9}},"5":{"start":{"line":11,"column":10},"end":{"line":11,"column":77}},"6":{"start":{"line":12,"column":10},"end":{"line":12,"column":27}},"7":{"start":{"line":14,"column":10},"end":{"line":14,"column":50}},"8":{"start":{"line":3,"column":0},"end":{"line":3,"column":21}}},"fnMap":{"0":{"name":"(anonymous_0)","decl":{"start":{"line":4,"column":2},"end":{"line":4,"column":22}},"loc":{"start":{"line":4,"column":46},"end":{"line":4,"column":50}}},"1":{"name":"(anonymous_1)","decl":{"start":{"line":6,"column":9},"end":{"line":6,"column":13}},"loc":{"start":{"line":6,"column":45},"end":{"line":18,"column":3}}},"2":{"name":"(anonymous_2)","decl":{"start":{"line":7,"column":23},"end":{"line":7,"column":24}},"loc":{"start":{"line":7,"column":42},"end":{"line":17,"column":5}}},"3":{"name":"(anonymous_3)","decl":{"start":{"line":8,"column":17},"end":{"line":8,"column":20}},"loc":{"start":{"line":8,"column":22},"end":{"line":16,"column":7}}}},"branchMap":{"0":{"loc":{"start":{"line":10,"column":8},"end":{"line":15,"column":9}},"type":"if","locations":[{"start":{"line":10,"column":8},"end":{"line":15,"column":9}},{"start":{"line":13,"column":15},"end":{"line":15,"column":9}}]}},"s":{"0":11,"1":3,"2":3,"3":3,"4":3,"5":1,"6":1,"7":2,"8":2},"f":{"0":11,"1":3,"2":3,"3":3},"b":{"0":[1,2]}}
,"C:\\Users\\theof\\OneDrive\\Bureau\\dossier dev\\ynov_notification_manager\\src\\UserService.ts": {"path":"C:\\Users\\theof\\OneDrive\\Bureau\\dossier dev\\ynov_notification_manager\\src\\UserService.ts","statementMap":{"0":{"start":{"line":18,"column":10},"end":{"line":18,"column":45}},"1":{"start":{"line":21,"column":4},"end":{"line":21,"column":31}},"2":{"start":{"line":25,"column":17},"end":{"line":25,"column":35}},"3":{"start":{"line":26,"column":4},"end":{"line":26,"column":27}},"4":{"start":{"line":26,"column":15},"end":{"line":26,"column":27}},"5":{"start":{"line":27,"column":4},"end":{"line":27,"column":30}},"6":{"start":{"line":31,"column":17},"end":{"line":31,"column":35}},"7":{"start":{"line":32,"column":4},"end":{"line":32,"column":27}},"8":{"start":{"line":32,"column":15},"end":{"line":32,"column":27}},"9":{"start":{"line":33,"column":4},"end":{"line":33,"column":30}},"10":{"start":{"line":37,"column":17},"end":{"line":37,"column":35}},"11":{"start":{"line":38,"column":4},"end":{"line":38,"column":27}},"12":{"start":{"line":38,"column":15},"end":{"line":38,"column":27}},"13":{"start":{"line":39,"column":4},"end":{"line":44,"column":6}},"14":{"start":{"line":48,"column":17},"end":{"line":48,"column":35}},"15":{"start":{"line":49,"column":4},"end":{"line":51,"column":5}},"16":{"start":{"line":50,"column":6},"end":{"line":50,"column":30}},"17":{"start":{"line":17,"column":0},"end":{"line":17,"column":21}}},"fnMap":{"0":{"name":"(anonymous_0)","decl":{"start":{"line":17,"column":0},"end":{"line":17,"column":21}},"loc":{"start":{"line":17,"column":0},"end":{"line":53,"column":1}}},"1":{"name":"(anonymous_1)","decl":{"start":{"line":20,"column":2},"end":{"line":20,"column":9}},"loc":{"start":{"line":20,"column":20},"end":{"line":22,"column":3}}},"2":{"name":"(anonymous_2)","decl":{"start":{"line":24,"column":2},"end":{"line":24,"column":20}},"loc":{"start":{"line":24,"column":35},"end":{"line":28,"column":3}}},"3":{"name":"(anonymous_3)","decl":{"start":{"line":30,"column":2},"end":{"line":30,"column":14}},"loc":{"start":{"line":30,"column":29},"end":{"line":34,"column":3}}},"4":{"name":"(anonymous_4)","decl":{"start":{"line":36,"column":2},"end":{"line":36,"column":17}},"loc":{"start":{"line":36,"column":32},"end":{"line":45,"column":3}}},"5":{"name":"(anonymous_5)","decl":{"start":{"line":47,"column":2},"end":{"line":47,"column":24}},"loc":{"start":{"line":47,"column":75},"end":{"line":52,"column":3}}}},"branchMap":{"0":{"loc":{"start":{"line":26,"column":4},"end":{"line":26,"column":27}},"type":"if","locations":[{"start":{"line":26,"column":4},"end":{"line":26,"column":27}},{"start":{},"end":{}}]},"1":{"loc":{"start":{"line":27,"column":11},"end":{"line":27,"column":29}},"type":"binary-expr","locations":[{"start":{"line":27,"column":11},"end":{"line":27,"column":21}},{"start":{"line":27,"column":25},"end":{"line":27,"column":29}}]},"2":{"loc":{"start":{"line":32,"column":4},"end":{"line":32,"column":27}},"type":"if","locations":[{"start":{"line":32,"column":4},"end":{"line":32,"column":27}},{"start":{},"end":{}}]},"3":{"loc":{"start":{"line":33,"column":11},"end":{"line":33,"column":29}},"type":"binary-expr","locations":[{"start":{"line":33,"column":11},"end":{"line":33,"column":21}},{"start":{"line":33,"column":25},"end":{"line":33,"column":29}}]},"4":{"loc":{"start":{"line":38,"column":4},"end":{"line":38,"column":27}},"type":"if","locations":[{"start":{"line":38,"column":4},"end":{"line":38,"column":27}},{"start":{},"end":{}}]},"5":{"loc":{"start":{"line":39,"column":11},"end":{"line":44,"column":6}},"type":"binary-expr","locations":[{"start":{"line":39,"column":11},"end":{"line":39,"column":24}},{"start":{"line":39,"column":28},"end":{"line":44,"column":6}}]},"6":{"loc":{"start":{"line":49,"column":4},"end":{"line":51,"column":5}},"type":"if","locations":[{"start":{"line":49,"column":4},"end":{"line":51,"column":5}},{"start":{},"end":{}}]}},"s":{"0":20,"1":16,"2":5,"3":5,"4":1,"5":4,"6":2,"7":2,"8":0,"9":2,"10":8,"11":8,"12":1,"13":7,"14":2,"15":2,"16":1,"17":3},"f":{"0":20,"1":16,"2":5,"3":2,"4":8,"5":2},"b":{"0":[1,4],"1":[4,2],"2":[0,2],"3":[2,1],"4":[1,7],"5":[7,1],"6":[1,1]}}
}
