TN:
SF:src\ClockService.ts
FN:1,(anonymous_7)
FN:6,(anonymous_8)
FN:12,(anonymous_9)
FN:21,(anonymous_10)
FN:22,(anonymous_11)
FN:22,(anonymous_12)
FN:33,(anonymous_13)
FN:35,(anonymous_14)
FN:38,(anonymous_15)
FN:44,(anonymous_16)
FN:47,(anonymous_17)
FNF:11
FNH:11
FNDA:13,(anonymous_7)
FNDA:286,(anonymous_8)
FNDA:69,(anonymous_9)
FNDA:4,(anonymous_10)
FNDA:277,(anonymous_11)
FNDA:277,(anonymous_12)
FNDA:4,(anonymous_13)
FNDA:8,(anonymous_14)
FNDA:215,(anonymous_15)
FNDA:8,(anonymous_16)
FNDA:62,(anonymous_17)
DA:1,1
DA:3,13
DA:4,13
DA:7,286
DA:13,69
DA:14,69
DA:15,69
DA:16,69
DA:18,69
DA:22,277
DA:23,277
DA:24,16
DA:25,16
DA:27,0
DA:34,4
DA:35,2
DA:36,8
DA:37,8
DA:39,215
DA:40,215
DA:43,4
DA:44,2
DA:45,8
DA:46,8
DA:48,62
DA:49,62
LF:26
LH:25
BRDA:7,0,0,286
BRDA:7,0,1,267
BRDA:7,0,2,267
BRDA:23,1,0,16
BRDA:23,1,1,261
BRDA:34,2,0,2
BRDA:34,2,1,2
BRDA:43,3,0,2
BRDA:43,3,1,2
BRF:9
BRH:9
end_of_record
TN:
SF:src\EmailService.ts
FN:5,(anonymous_0)
FN:7,(anonymous_1)
FN:8,(anonymous_2)
FN:9,(anonymous_3)
FNF:4
FNH:4
FNDA:9,(anonymous_0)
FNDA:1,(anonymous_1)
FNDA:1,(anonymous_2)
FNDA:1,(anonymous_3)
DA:3,2
DA:5,9
DA:8,1
DA:9,1
DA:10,1
DA:11,1
DA:12,1
DA:13,1
DA:15,0
LF:9
LH:8
BRDA:11,0,0,1
BRDA:11,0,1,0
BRF:2
BRH:1
end_of_record
TN:
SF:src\NotificationManager.ts
FN:8,(anonymous_7)
FN:15,(anonymous_8)
FN:15,(anonymous_9)
FN:18,(anonymous_10)
FN:18,(anonymous_11)
FN:26,(anonymous_12)
FN:32,(anonymous_13)
FN:35,(anonymous_14)
FN:44,(anonymous_16)
FN:46,(anonymous_17)
FN:51,(anonymous_18)
FN:53,(anonymous_19)
FN:60,(anonymous_20)
FNF:13
FNH:7
FNDA:8,(anonymous_7)
FNDA:0,(anonymous_8)
FNDA:1,(anonymous_9)
FNDA:0,(anonymous_10)
FNDA:1,(anonymous_11)
FNDA:1,(anonymous_12)
FNDA:1,(anonymous_13)
FNDA:5,(anonymous_14)
FNDA:0,(anonymous_16)
FNDA:0,(anonymous_17)
FNDA:0,(anonymous_18)
FNDA:0,(anonymous_19)
FNDA:2,(anonymous_20)
DA:7,1
DA:8,8
DA:9,8
DA:10,8
DA:11,8
DA:12,8
DA:13,8
DA:15,8
DA:16,1
DA:18,8
DA:19,1
DA:23,8
DA:27,1
DA:36,5
DA:37,5
DA:38,4
DA:40,0
DA:41,0
DA:43,2
DA:44,1
DA:46,1
DA:48,2
DA:50,2
DA:51,1
DA:53,1
DA:55,2
DA:61,2
DA:62,2
DA:63,0
LF:29
LH:26
BRDA:29,0,0,1
BRDA:29,0,1,0
BRDA:30,1,0,1
BRDA:30,1,1,0
BRDA:37,2,0,4
BRDA:37,2,1,1
BRDA:38,3,0,0
BRDA:38,3,1,2
BRDA:38,3,2,2
BRDA:43,4,0,1
BRDA:43,4,1,1
BRDA:50,5,0,1
BRDA:50,5,1,1
BRDA:62,6,0,0
BRDA:62,6,1,2
BRF:15
BRH:11
end_of_record
TN:
SF:src\Scheduler.ts
FN:1,(anonymous_7)
FN:4,(anonymous_8)
FN:9,(anonymous_9)
FNF:3
FNH:3
FNDA:5,(anonymous_7)
FNDA:9,(anonymous_8)
FNDA:5,(anonymous_9)
DA:1,1
DA:2,5
DA:5,9
DA:6,9
DA:10,5
DA:11,8
DA:12,8
DA:13,8
LF:8
LH:8
BRDA:12,0,0,8
BRDA:12,0,1,0
BRF:2
BRH:1
end_of_record
TN:
SF:src\SmsService.ts
FN:4,(anonymous_0)
FN:6,(anonymous_1)
FN:7,(anonymous_2)
FN:8,(anonymous_3)
FNF:4
FNH:4
FNDA:11,(anonymous_0)
FNDA:3,(anonymous_1)
FNDA:3,(anonymous_2)
FNDA:3,(anonymous_3)
DA:3,2
DA:4,11
DA:7,3
DA:8,3
DA:9,3
DA:10,3
DA:11,1
DA:12,1
DA:14,2
LF:9
LH:9
BRDA:10,0,0,1
BRDA:10,0,1,2
BRF:2
BRH:2
end_of_record
TN:
SF:src\UserService.ts
FN:17,(anonymous_0)
FN:20,(anonymous_1)
FN:24,(anonymous_2)
FN:30,(anonymous_3)
FN:36,(anonymous_4)
FN:47,(anonymous_5)
FNF:6
FNH:6
FNDA:20,(anonymous_0)
FNDA:16,(anonymous_1)
FNDA:5,(anonymous_2)
FNDA:2,(anonymous_3)
FNDA:8,(anonymous_4)
FNDA:2,(anonymous_5)
DA:17,3
DA:18,20
DA:21,16
DA:25,5
DA:26,5
DA:27,4
DA:31,2
DA:32,2
DA:33,2
DA:37,8
DA:38,8
DA:39,7
DA:48,2
DA:49,2
DA:50,1
LF:15
LH:15
BRDA:26,0,0,1
BRDA:26,0,1,4
BRDA:27,1,0,4
BRDA:27,1,1,2
BRDA:32,2,0,0
BRDA:32,2,1,2
BRDA:33,3,0,2
BRDA:33,3,1,1
BRDA:38,4,0,1
BRDA:38,4,1,7
BRDA:39,5,0,7
BRDA:39,5,1,1
BRDA:49,6,0,1
BRDA:49,6,1,1
BRF:14
BRH:13
end_of_record
